<?xml version="1.0" encoding="UTF-8"?>
<!-- Generated by org.testng.reporters.JUnitXMLReporter -->
<testsuite ignored="0" hostname="LAPTOP-52U6QBDA" failures="1" tests="1" name="Surefire test" time="22.535" errors="0" timestamp="2025-12-29T18:40:06 IST">
  <testcase classname="dataDrivenTest.LoginPagePractise" name="purchaseOrder" time="20.75">
    <failure type="org.openqa.selenium.ElementClickInterceptedException" message="element click intercepted: Element &amp;lt;input id=&amp;quot;checkbox2&amp;quot; type=&amp;quot;checkbox&amp;quot;&amp;gt; is not clickable at point (645, 242). Other element would receive the click: &amp;lt;label for=&amp;quot;checkbox2&amp;quot;&amp;gt;...&amp;lt;/label&amp;gt;
  (Session info: MicrosoftEdge=143.0.3650.96)
Build info: version: &amp;apos;4.39.0&amp;apos;, revision: &amp;apos;126f156aee&amp;apos;
System info: os.name: &amp;apos;Windows 11&amp;apos;, os.arch: &amp;apos;amd64&amp;apos;, os.version: &amp;apos;10.0&amp;apos;, java.version: &amp;apos;25.0.1&amp;apos;
Driver info: org.openqa.selenium.edge.EdgeDriver
Command: [0caeeb4ee5c48ccf034e5e748748e999, clickElement {id=f.46F91A01C43B6C8E40340B2278683E0E.d.8022E54F6E8578875DF73D32AF4E0A98.e.88}]
Capabilities {acceptInsecureCerts: true, browserName: MicrosoftEdge, browserVersion: 143.0.3650.96, fedcm:accounts: true, goog:processID: 18564, ms:edgeOptions: {debuggerAddress: localhost:59258}, msedge: {msedgedriverVersion: 143.0.3650.96 (d55fe85d0141..., userDataDir: C:\Users\Sayali\AppData\Loc...}, networkConnectionEnabled: false, pageLoadStrategy: normal, platformName: windows, proxy: Proxy(), se:cdp: ws://localhost:59258/devtoo..., se:cdpVersion: 143.0.3650.96, setWindowRect: true, strictFileInteractability: false, timeouts: {implicit: 0, pageLoad: 300000, script: 30000}, unhandledPromptBehavior: dismiss and notify, webauthn:extension:credBlob: true, webauthn:extension:largeBlob: true, webauthn:extension:minPinLength: true, webauthn:extension:prf: true, webauthn:virtualAuthenticators: true}
Element: [[EdgeDriver: MicrosoftEdge on windows (0caeeb4ee5c48ccf034e5e748748e999)] -&amp;gt; id: checkbox2]
Session ID: 0caeeb4ee5c48ccf034e5e748748e999">
      <![CDATA[org.openqa.selenium.ElementClickInterceptedException: element click intercepted: Element <input id="checkbox2" type="checkbox"> is not clickable at point (645, 242). Other element would receive the click: <label for="checkbox2">...</label>
  (Session info: MicrosoftEdge=143.0.3650.96)
Build info: version: '4.39.0', revision: '126f156aee'
System info: os.name: 'Windows 11', os.arch: 'amd64', os.version: '10.0', java.version: '25.0.1'
Driver info: org.openqa.selenium.edge.EdgeDriver
Command: [0caeeb4ee5c48ccf034e5e748748e999, clickElement {id=f.46F91A01C43B6C8E40340B2278683E0E.d.8022E54F6E8578875DF73D32AF4E0A98.e.88}]
Capabilities {acceptInsecureCerts: true, browserName: MicrosoftEdge, browserVersion: 143.0.3650.96, fedcm:accounts: true, goog:processID: 18564, ms:edgeOptions: {debuggerAddress: localhost:59258}, msedge: {msedgedriverVersion: 143.0.3650.96 (d55fe85d0141..., userDataDir: C:\Users\Sayali\AppData\Loc...}, networkConnectionEnabled: false, pageLoadStrategy: normal, platformName: windows, proxy: Proxy(), se:cdp: ws://localhost:59258/devtoo..., se:cdpVersion: 143.0.3650.96, setWindowRect: true, strictFileInteractability: false, timeouts: {implicit: 0, pageLoad: 300000, script: 30000}, unhandledPromptBehavior: dismiss and notify, webauthn:extension:credBlob: true, webauthn:extension:largeBlob: true, webauthn:extension:minPinLength: true, webauthn:extension:prf: true, webauthn:virtualAuthenticators: true}
Element: [[EdgeDriver: MicrosoftEdge on windows (0caeeb4ee5c48ccf034e5e748748e999)] -> id: checkbox2]
Session ID: 0caeeb4ee5c48ccf034e5e748748e999
at org.openqa.selenium.remote.ErrorCodec.decode(ErrorCodec.java:167)
at org.openqa.selenium.remote.codec.w3c.W3CHttpResponseCodec.decode(W3CHttpResponseCodec.java:142)
at org.openqa.selenium.remote.codec.w3c.W3CHttpResponseCodec.decode(W3CHttpResponseCodec.java:49)
at org.openqa.selenium.remote.HttpCommandExecutor.execute(HttpCommandExecutor.java:215)
at org.openqa.selenium.remote.service.DriverCommandExecutor.invokeExecute(DriverCommandExecutor.java:216)
at org.openqa.selenium.remote.service.DriverCommandExecutor.execute(DriverCommandExecutor.java:174)
at org.openqa.selenium.remote.RemoteWebDriver.execute(RemoteWebDriver.java:561)
at org.openqa.selenium.remote.RemoteWebElement.execute(RemoteWebElement.java:223)
at org.openqa.selenium.remote.RemoteWebElement.click(RemoteWebElement.java:76)
at org.openqa.selenium.support.pagefactory.internal.LocatingElementHandler.invoke(LocatingElementHandler.java:51)
at jdk.proxy2/jdk.proxy2.$Proxy10.click(Unknown Source)
at dataDrivenTest.FinalPage.purchase(FinalPage.java:56)
at dataDrivenTest.LoginPagePractise.purchaseOrder(LoginPagePractise.java:27)
at java.base/java.util.ArrayList.forEach(ArrayList.java:1604)
... Removed 35 stack frames]]>
    </failure>
  </testcase> <!-- purchaseOrder -->
</testsuite> <!-- Surefire test -->
