<?xml version="1.0" encoding="UTF-8"?>
<testng-results ignored="0" total="1" passed="1" failed="0" skipped="0">
  <reporter-output>
  </reporter-output>
  <suite started-at="2025-12-27T20:59:01 IST" name="Default suite" finished-at="2025-12-27T20:59:01 IST" duration-ms="570">
    <groups>
    </groups>
    <test started-at="2025-12-27T20:59:01 IST" name="Default test" finished-at="2025-12-27T20:59:01 IST" duration-ms="570">
      <class name="dataDrivenTest.sampleTest">
        <test-method signature="fetchData()[pri:0, instance:dataDrivenTest.sampleTest@5656be13]" started-at="2025-12-27T20:59:01 IST" name="fetchData" finished-at="2025-12-27T20:59:01 IST" duration-ms="530" status="PASS">
          <reporter-output>
          </reporter-output>
        </test-method> <!-- fetchData -->
      </class> <!-- dataDrivenTest.sampleTest -->
    </test> <!-- Default test -->
  </suite> <!-- Default suite -->
</testng-results>
