<?xml version="1.0" encoding="UTF-8"?>
<testng-results ignored="0" total="1" passed="1" failed="0" skipped="0">
  <reporter-output>
  </reporter-output>
  <suite started-at="2025-12-26T20:18:39 IST" name="Suite" finished-at="2025-12-26T20:18:40 IST" duration-ms="504">
    <groups>
    </groups>
    <test started-at="2025-12-26T20:18:39 IST" name="Test" finished-at="2025-12-26T20:18:40 IST" duration-ms="504">
      <class name="dataDrivenTest.sampleTest">
        <test-method signature="fetchData()[pri:0, instance:dataDrivenTest.sampleTest@5656be13]" started-at="2025-12-26T20:18:39 IST" name="fetchData" finished-at="2025-12-26T20:18:40 IST" duration-ms="468" status="PASS">
          <reporter-output>
          </reporter-output>
        </test-method> <!-- fetchData -->
      </class> <!-- dataDrivenTest.sampleTest -->
    </test> <!-- Test -->
  </suite> <!-- Suite -->
</testng-results>
